0 info it worked if it ends with ok
1 verbose cli [ 'node', '/usr/local/bin/npm', 'update' ]
2 info using npm@1.4.16
3 info using node@v0.10.24
4 verbose request where is /grunt-bower-requirejs
5 verbose request registry https://registry.npmjs.org/
6 verbose request id 5c4fd6250fd53df6
7 verbose url raw /grunt-bower-requirejs
8 verbose url resolving [ 'https://registry.npmjs.org/', './grunt-bower-requirejs' ]
9 verbose url resolved https://registry.npmjs.org/grunt-bower-requirejs
10 verbose request where is https://registry.npmjs.org/grunt-bower-requirejs
11 info trying registry request attempt 1 at 19:02:57
12 http GET https://registry.npmjs.org/grunt-bower-requirejs
13 verbose request where is /grunt-contrib-handlebars
14 verbose request registry https://registry.npmjs.org/
15 verbose url raw /grunt-contrib-handlebars
16 verbose url resolving [ 'https://registry.npmjs.org/', './grunt-contrib-handlebars' ]
17 verbose url resolved https://registry.npmjs.org/grunt-contrib-handlebars
18 verbose request where is https://registry.npmjs.org/grunt-contrib-handlebars
19 info trying registry request attempt 1 at 19:02:57
20 http GET https://registry.npmjs.org/grunt-contrib-handlebars
21 verbose request where is /grunt-requirejs
22 verbose request registry https://registry.npmjs.org/
23 verbose url raw /grunt-requirejs
24 verbose url resolving [ 'https://registry.npmjs.org/', './grunt-requirejs' ]
25 verbose url resolved https://registry.npmjs.org/grunt-requirejs
26 verbose request where is https://registry.npmjs.org/grunt-requirejs
27 info trying registry request attempt 1 at 19:02:57
28 http GET https://registry.npmjs.org/grunt-requirejs
29 verbose request where is /grunt-template-jasmine-requirejs
30 verbose request registry https://registry.npmjs.org/
31 verbose url raw /grunt-template-jasmine-requirejs
32 verbose url resolving [ 'https://registry.npmjs.org/',
32 verbose url resolving   './grunt-template-jasmine-requirejs' ]
33 verbose url resolved https://registry.npmjs.org/grunt-template-jasmine-requirejs
34 verbose request where is https://registry.npmjs.org/grunt-template-jasmine-requirejs
35 info trying registry request attempt 1 at 19:02:57
36 http GET https://registry.npmjs.org/grunt-template-jasmine-requirejs
37 verbose request where is /karma-coffee-preprocessor
38 verbose request registry https://registry.npmjs.org/
39 verbose url raw /karma-coffee-preprocessor
40 verbose url resolving [ 'https://registry.npmjs.org/', './karma-coffee-preprocessor' ]
41 verbose url resolved https://registry.npmjs.org/karma-coffee-preprocessor
42 verbose request where is https://registry.npmjs.org/karma-coffee-preprocessor
43 info trying registry request attempt 1 at 19:02:57
44 http GET https://registry.npmjs.org/karma-coffee-preprocessor
45 verbose request where is /karma-firefox-launcher
46 verbose request registry https://registry.npmjs.org/
47 verbose url raw /karma-firefox-launcher
48 verbose url resolving [ 'https://registry.npmjs.org/', './karma-firefox-launcher' ]
49 verbose url resolved https://registry.npmjs.org/karma-firefox-launcher
50 verbose request where is https://registry.npmjs.org/karma-firefox-launcher
51 info trying registry request attempt 1 at 19:02:57
52 http GET https://registry.npmjs.org/karma-firefox-launcher
53 verbose request where is /karma-html2js-preprocessor
54 verbose request registry https://registry.npmjs.org/
55 verbose url raw /karma-html2js-preprocessor
56 verbose url resolving [ 'https://registry.npmjs.org/',
56 verbose url resolving   './karma-html2js-preprocessor' ]
57 verbose url resolved https://registry.npmjs.org/karma-html2js-preprocessor
58 verbose request where is https://registry.npmjs.org/karma-html2js-preprocessor
59 info trying registry request attempt 1 at 19:02:57
60 http GET https://registry.npmjs.org/karma-html2js-preprocessor
61 verbose request where is /karma-requirejs
62 verbose request registry https://registry.npmjs.org/
63 verbose url raw /karma-requirejs
64 verbose url resolving [ 'https://registry.npmjs.org/', './karma-requirejs' ]
65 verbose url resolved https://registry.npmjs.org/karma-requirejs
66 verbose request where is https://registry.npmjs.org/karma-requirejs
67 info trying registry request attempt 1 at 19:02:57
68 http GET https://registry.npmjs.org/karma-requirejs
69 verbose request where is /karma-script-launcher
70 verbose request registry https://registry.npmjs.org/
71 verbose url raw /karma-script-launcher
72 verbose url resolving [ 'https://registry.npmjs.org/', './karma-script-launcher' ]
73 verbose url resolved https://registry.npmjs.org/karma-script-launcher
74 verbose request where is https://registry.npmjs.org/karma-script-launcher
75 info trying registry request attempt 1 at 19:02:57
76 http GET https://registry.npmjs.org/karma-script-launcher
77 verbose request where is /requirejs
78 verbose request registry https://registry.npmjs.org/
79 verbose url raw /requirejs
80 verbose url resolving [ 'https://registry.npmjs.org/', './requirejs' ]
81 verbose url resolved https://registry.npmjs.org/requirejs
82 verbose request where is https://registry.npmjs.org/requirejs
83 info trying registry request attempt 1 at 19:02:57
84 http GET https://registry.npmjs.org/requirejs
85 verbose request where is /logfmt
86 verbose request registry https://registry.npmjs.org/
87 verbose url raw /logfmt
88 verbose url resolving [ 'https://registry.npmjs.org/', './logfmt' ]
89 verbose url resolved https://registry.npmjs.org/logfmt
90 verbose request where is https://registry.npmjs.org/logfmt
91 info trying registry request attempt 1 at 19:02:58
92 verbose etag "EK6ZB05NYOJNS4CL32GC5R99L"
93 http GET https://registry.npmjs.org/logfmt
94 verbose request where is /express
95 verbose request registry https://registry.npmjs.org/
96 verbose url raw /express
97 verbose url resolving [ 'https://registry.npmjs.org/', './express' ]
98 verbose url resolved https://registry.npmjs.org/express
99 verbose request where is https://registry.npmjs.org/express
100 info trying registry request attempt 1 at 19:02:58
101 verbose etag "332SASS6U298UEEK6F5K6HXVK"
102 http GET https://registry.npmjs.org/express
103 verbose request where is /connect-livereload
104 verbose request registry https://registry.npmjs.org/
105 verbose url raw /connect-livereload
106 verbose url resolving [ 'https://registry.npmjs.org/', './connect-livereload' ]
107 verbose url resolved https://registry.npmjs.org/connect-livereload
108 verbose request where is https://registry.npmjs.org/connect-livereload
109 info trying registry request attempt 1 at 19:02:58
110 verbose etag "F190YGQWXJ733BAOQA0I5UN1G"
111 http GET https://registry.npmjs.org/connect-livereload
112 verbose request where is /grunt
113 verbose request registry https://registry.npmjs.org/
114 verbose url raw /grunt
115 verbose url resolving [ 'https://registry.npmjs.org/', './grunt' ]
116 verbose url resolved https://registry.npmjs.org/grunt
117 verbose request where is https://registry.npmjs.org/grunt
118 info trying registry request attempt 1 at 19:02:58
119 verbose etag "AJA5CJY6ETLNJ3R8BDPW2DN04"
120 http GET https://registry.npmjs.org/grunt
121 verbose request where is /grunt-connect-proxy
122 verbose request registry https://registry.npmjs.org/
123 verbose url raw /grunt-connect-proxy
124 verbose url resolving [ 'https://registry.npmjs.org/', './grunt-connect-proxy' ]
125 verbose url resolved https://registry.npmjs.org/grunt-connect-proxy
126 verbose request where is https://registry.npmjs.org/grunt-connect-proxy
127 info trying registry request attempt 1 at 19:02:58
128 verbose etag "315K097IIFROOZPBIBA6CJW1"
129 http GET https://registry.npmjs.org/grunt-connect-proxy
130 verbose request where is /grunt-contrib-coffee
131 verbose request registry https://registry.npmjs.org/
132 verbose url raw /grunt-contrib-coffee
133 verbose url resolving [ 'https://registry.npmjs.org/', './grunt-contrib-coffee' ]
134 verbose url resolved https://registry.npmjs.org/grunt-contrib-coffee
135 verbose request where is https://registry.npmjs.org/grunt-contrib-coffee
136 info trying registry request attempt 1 at 19:02:58
137 verbose etag "D2P6B5XTFK0HQN8WAIB50G1RX"
138 http GET https://registry.npmjs.org/grunt-contrib-coffee
139 verbose request where is /grunt-contrib-copy
140 verbose request registry https://registry.npmjs.org/
141 verbose url raw /grunt-contrib-copy
142 verbose url resolving [ 'https://registry.npmjs.org/', './grunt-contrib-copy' ]
143 verbose url resolved https://registry.npmjs.org/grunt-contrib-copy
144 verbose request where is https://registry.npmjs.org/grunt-contrib-copy
145 info trying registry request attempt 1 at 19:02:58
146 verbose etag "1A47J64IHGECMNZR50V0XZFCT"
147 http GET https://registry.npmjs.org/grunt-contrib-copy
148 verbose request where is /grunt-contrib-concat
149 verbose request registry https://registry.npmjs.org/
150 verbose url raw /grunt-contrib-concat
151 verbose url resolving [ 'https://registry.npmjs.org/', './grunt-contrib-concat' ]
152 verbose url resolved https://registry.npmjs.org/grunt-contrib-concat
153 verbose request where is https://registry.npmjs.org/grunt-contrib-concat
154 info trying registry request attempt 1 at 19:02:58
155 verbose etag "61RQNP3RQLWOM69Y6ONWQZQG1"
156 http GET https://registry.npmjs.org/grunt-contrib-concat
157 verbose request where is /grunt-contrib-clean
158 verbose request registry https://registry.npmjs.org/
159 verbose url raw /grunt-contrib-clean
160 verbose url resolving [ 'https://registry.npmjs.org/', './grunt-contrib-clean' ]
161 verbose url resolved https://registry.npmjs.org/grunt-contrib-clean
162 verbose request where is https://registry.npmjs.org/grunt-contrib-clean
163 info trying registry request attempt 1 at 19:02:58
164 verbose etag "8SDTE9IH37SAUBN2PZADCDPUZ"
165 http GET https://registry.npmjs.org/grunt-contrib-clean
166 verbose request where is /grunt-contrib-cssmin
167 verbose request registry https://registry.npmjs.org/
168 verbose url raw /grunt-contrib-cssmin
169 verbose url resolving [ 'https://registry.npmjs.org/', './grunt-contrib-cssmin' ]
170 verbose url resolved https://registry.npmjs.org/grunt-contrib-cssmin
171 verbose request where is https://registry.npmjs.org/grunt-contrib-cssmin
172 info trying registry request attempt 1 at 19:02:58
173 verbose etag "24JKTQ90E4B14ZN5TWNNADJCT"
174 http GET https://registry.npmjs.org/grunt-contrib-cssmin
175 verbose request where is /grunt-contrib-htmlmin
176 verbose request registry https://registry.npmjs.org/
177 verbose url raw /grunt-contrib-htmlmin
178 verbose url resolving [ 'https://registry.npmjs.org/', './grunt-contrib-htmlmin' ]
179 verbose url resolved https://registry.npmjs.org/grunt-contrib-htmlmin
180 verbose request where is https://registry.npmjs.org/grunt-contrib-htmlmin
181 info trying registry request attempt 1 at 19:02:58
182 verbose etag "3J4K6BQAI9KJKYSLG8METF2HO"
183 http GET https://registry.npmjs.org/grunt-contrib-htmlmin
184 verbose request where is /grunt-contrib-connect
185 verbose request registry https://registry.npmjs.org/
186 verbose url raw /grunt-contrib-connect
187 verbose url resolving [ 'https://registry.npmjs.org/', './grunt-contrib-connect' ]
188 verbose url resolved https://registry.npmjs.org/grunt-contrib-connect
189 verbose request where is https://registry.npmjs.org/grunt-contrib-connect
190 info trying registry request attempt 1 at 19:02:58
191 verbose etag "7AGSCEOF774RY64VE0UOXO43Z"
192 http GET https://registry.npmjs.org/grunt-contrib-connect
193 verbose request where is /grunt-contrib-jasmine
194 verbose request registry https://registry.npmjs.org/
195 verbose url raw /grunt-contrib-jasmine
196 verbose url resolving [ 'https://registry.npmjs.org/', './grunt-contrib-jasmine' ]
197 verbose url resolved https://registry.npmjs.org/grunt-contrib-jasmine
198 verbose request where is https://registry.npmjs.org/grunt-contrib-jasmine
199 info trying registry request attempt 1 at 19:02:58
200 verbose etag "4O909GCAL8ZA3FD8WBNZHZ2L0"
201 http GET https://registry.npmjs.org/grunt-contrib-jasmine
202 verbose request where is /grunt-contrib-jshint
203 verbose request registry https://registry.npmjs.org/
204 verbose url raw /grunt-contrib-jshint
205 verbose url resolving [ 'https://registry.npmjs.org/', './grunt-contrib-jshint' ]
206 verbose url resolved https://registry.npmjs.org/grunt-contrib-jshint
207 verbose request where is https://registry.npmjs.org/grunt-contrib-jshint
208 info trying registry request attempt 1 at 19:02:58
209 verbose etag "7JLAFBKQONHIJVZEQQRWYF24Q"
210 http GET https://registry.npmjs.org/grunt-contrib-jshint
211 verbose request where is /grunt-contrib-uglify
212 verbose request registry https://registry.npmjs.org/
213 verbose url raw /grunt-contrib-uglify
214 verbose url resolving [ 'https://registry.npmjs.org/', './grunt-contrib-uglify' ]
215 verbose url resolved https://registry.npmjs.org/grunt-contrib-uglify
216 verbose request where is https://registry.npmjs.org/grunt-contrib-uglify
217 info trying registry request attempt 1 at 19:02:58
218 verbose etag "6R4F8LSQB2IFNQ7ZCUUHCA6ID"
219 http GET https://registry.npmjs.org/grunt-contrib-uglify
220 verbose request where is /grunt-karma
221 verbose request registry https://registry.npmjs.org/
222 verbose url raw /grunt-karma
223 verbose url resolving [ 'https://registry.npmjs.org/', './grunt-karma' ]
224 verbose url resolved https://registry.npmjs.org/grunt-karma
225 verbose request where is https://registry.npmjs.org/grunt-karma
226 info trying registry request attempt 1 at 19:02:58
227 verbose etag "5UJ5BXN8E1I65KAK6F9Z49Y8A"
228 http GET https://registry.npmjs.org/grunt-karma
229 verbose request where is /grunt-contrib-watch
230 verbose request registry https://registry.npmjs.org/
231 verbose url raw /grunt-contrib-watch
232 verbose url resolving [ 'https://registry.npmjs.org/', './grunt-contrib-watch' ]
233 verbose url resolved https://registry.npmjs.org/grunt-contrib-watch
234 verbose request where is https://registry.npmjs.org/grunt-contrib-watch
235 info trying registry request attempt 1 at 19:02:58
236 verbose etag "CYEPAHD8RPL2P0FZ37OJ6LZST"
237 http GET https://registry.npmjs.org/grunt-contrib-watch
238 verbose request where is /grunt-usemin
239 verbose request registry https://registry.npmjs.org/
240 verbose url raw /grunt-usemin
241 verbose url resolving [ 'https://registry.npmjs.org/', './grunt-usemin' ]
242 verbose url resolved https://registry.npmjs.org/grunt-usemin
243 verbose request where is https://registry.npmjs.org/grunt-usemin
244 info trying registry request attempt 1 at 19:02:58
245 verbose etag "7GEELM62SU3E42VYMCCJXT0X0"
246 http GET https://registry.npmjs.org/grunt-usemin
247 verbose request where is /grunt-open
248 verbose request registry https://registry.npmjs.org/
249 verbose url raw /grunt-open
250 verbose url resolving [ 'https://registry.npmjs.org/', './grunt-open' ]
251 verbose url resolved https://registry.npmjs.org/grunt-open
252 verbose request where is https://registry.npmjs.org/grunt-open
253 info trying registry request attempt 1 at 19:02:58
254 verbose etag "8K31EBDVE4FVUF0NLW0SWYKGD"
255 http GET https://registry.npmjs.org/grunt-open
256 verbose request where is /jshint-stylish
257 verbose request registry https://registry.npmjs.org/
258 verbose url raw /jshint-stylish
259 verbose url resolving [ 'https://registry.npmjs.org/', './jshint-stylish' ]
260 verbose url resolved https://registry.npmjs.org/jshint-stylish
261 verbose request where is https://registry.npmjs.org/jshint-stylish
262 info trying registry request attempt 1 at 19:02:58
263 verbose etag "24XQK3SUAEJIAI32TYXI3X6DM"
264 http GET https://registry.npmjs.org/jshint-stylish
265 verbose request where is /karma-chrome-launcher
266 verbose request registry https://registry.npmjs.org/
267 verbose url raw /karma-chrome-launcher
268 verbose url resolving [ 'https://registry.npmjs.org/', './karma-chrome-launcher' ]
269 verbose url resolved https://registry.npmjs.org/karma-chrome-launcher
270 verbose request where is https://registry.npmjs.org/karma-chrome-launcher
271 info trying registry request attempt 1 at 19:02:58
272 verbose etag "5M03L2R8TWZKX23RR0ZRO2VD4"
273 http GET https://registry.npmjs.org/karma-chrome-launcher
274 verbose request where is /karma
275 verbose request registry https://registry.npmjs.org/
276 verbose url raw /karma
277 verbose url resolving [ 'https://registry.npmjs.org/', './karma' ]
278 verbose url resolved https://registry.npmjs.org/karma
279 verbose request where is https://registry.npmjs.org/karma
280 info trying registry request attempt 1 at 19:02:58
281 verbose etag "6LGI61QLX0QBMEGWWAD7JUOI4"
282 http GET https://registry.npmjs.org/karma
283 verbose request where is /karma-coverage
284 verbose request registry https://registry.npmjs.org/
285 verbose url raw /karma-coverage
286 verbose url resolving [ 'https://registry.npmjs.org/', './karma-coverage' ]
287 verbose url resolved https://registry.npmjs.org/karma-coverage
288 verbose request where is https://registry.npmjs.org/karma-coverage
289 info trying registry request attempt 1 at 19:02:58
290 verbose etag "C800J3OAG49W7NTEZ8CLRNCGE"
291 http GET https://registry.npmjs.org/karma-coverage
292 verbose request where is /karma-jasmine
293 verbose request registry https://registry.npmjs.org/
294 verbose url raw /karma-jasmine
295 verbose url resolving [ 'https://registry.npmjs.org/', './karma-jasmine' ]
296 verbose url resolved https://registry.npmjs.org/karma-jasmine
297 verbose request where is https://registry.npmjs.org/karma-jasmine
298 info trying registry request attempt 1 at 19:02:58
299 verbose etag "9JGKO0FZ6V6KIXLDFJXRN28A4"
300 http GET https://registry.npmjs.org/karma-jasmine
301 verbose request where is /karma-phantomjs-launcher
302 verbose request registry https://registry.npmjs.org/
303 verbose url raw /karma-phantomjs-launcher
304 verbose url resolving [ 'https://registry.npmjs.org/', './karma-phantomjs-launcher' ]
305 verbose url resolved https://registry.npmjs.org/karma-phantomjs-launcher
306 verbose request where is https://registry.npmjs.org/karma-phantomjs-launcher
307 info trying registry request attempt 1 at 19:02:58
308 verbose etag "2QH2ZN7DR2HRP3PBOJILQPEMP"
309 http GET https://registry.npmjs.org/karma-phantomjs-launcher
310 verbose request where is /grunt-rev
311 verbose request registry https://registry.npmjs.org/
312 verbose url raw /grunt-rev
313 verbose url resolving [ 'https://registry.npmjs.org/', './grunt-rev' ]
314 verbose url resolved https://registry.npmjs.org/grunt-rev
315 verbose request where is https://registry.npmjs.org/grunt-rev
316 info trying registry request attempt 1 at 19:02:58
317 verbose etag "5EP12JICVDEQCHYUDOJXNOI86"
318 http GET https://registry.npmjs.org/grunt-rev
319 verbose request where is /json-proxy
320 verbose request registry https://registry.npmjs.org/
321 verbose url raw /json-proxy
322 verbose url resolving [ 'https://registry.npmjs.org/', './json-proxy' ]
323 verbose url resolved https://registry.npmjs.org/json-proxy
324 verbose request where is https://registry.npmjs.org/json-proxy
325 info trying registry request attempt 1 at 19:02:58
326 verbose etag "4TC3ASGTO5C3R9G3DLVSMQK5V"
327 http GET https://registry.npmjs.org/json-proxy
328 verbose request where is /load-grunt-tasks
329 verbose request registry https://registry.npmjs.org/
330 verbose url raw /load-grunt-tasks
331 verbose url resolving [ 'https://registry.npmjs.org/', './load-grunt-tasks' ]
332 verbose url resolved https://registry.npmjs.org/load-grunt-tasks
333 verbose request where is https://registry.npmjs.org/load-grunt-tasks
334 info trying registry request attempt 1 at 19:02:58
335 verbose etag "CSNQUWKP9A83QZXL859ZTMELJ"
336 http GET https://registry.npmjs.org/load-grunt-tasks
337 verbose request where is /time-grunt
338 verbose request registry https://registry.npmjs.org/
339 verbose url raw /time-grunt
340 verbose url resolving [ 'https://registry.npmjs.org/', './time-grunt' ]
341 verbose url resolved https://registry.npmjs.org/time-grunt
342 verbose request where is https://registry.npmjs.org/time-grunt
343 info trying registry request attempt 1 at 19:02:58
344 verbose etag "C0C7NQCRWJJ2GPD86M5QOK3IS"
345 http GET https://registry.npmjs.org/time-grunt
346 http 200 https://registry.npmjs.org/grunt-bower-requirejs
347 silly registry.get cb [ 200,
347 silly registry.get   { date: 'Tue, 08 Jul 2014 02:02:58 GMT',
347 silly registry.get     server: 'CouchDB/1.5.0 (Erlang OTP/R16B03)',
347 silly registry.get     etag: '"AQA8ZD6WE3KUIOC9QQE1KITIY"',
347 silly registry.get     'content-type': 'application/json',
347 silly registry.get     'cache-control': 'max-age=30',
347 silly registry.get     'content-length': '37720',
347 silly registry.get     'accept-ranges': 'bytes',
347 silly registry.get     via: '1.1 varnish',
347 silly registry.get     age: '2855',
347 silly registry.get     'x-served-by': 'cache-sjc3135-SJC',
347 silly registry.get     'x-cache': 'HIT',
347 silly registry.get     'x-cache-hits': '1',
347 silly registry.get     'x-timer': 'S1404784978.601193,VS0,VE30',
347 silly registry.get     vary: 'Accept',
347 silly registry.get     'keep-alive': 'timeout=10, max=50',
347 silly registry.get     connection: 'Keep-Alive' } ]
348 http 200 https://registry.npmjs.org/grunt-template-jasmine-requirejs
349 silly registry.get cb [ 200,
349 silly registry.get   { date: 'Tue, 08 Jul 2014 02:02:58 GMT',
349 silly registry.get     server: 'CouchDB/1.5.0 (Erlang OTP/R16B03)',
349 silly registry.get     etag: '"SGRDTYK3B5ZKSOQC1ENGWSL3"',
349 silly registry.get     'content-type': 'application/json',
349 silly registry.get     'cache-control': 'max-age=30',
349 silly registry.get     'content-length': '27517',
349 silly registry.get     'accept-ranges': 'bytes',
349 silly registry.get     via: '1.1 varnish',
349 silly registry.get     age: '1447',
349 silly registry.get     'x-served-by': 'cache-sjc3121-SJC',
349 silly registry.get     'x-cache': 'MISS',
349 silly registry.get     'x-cache-hits': '0',
349 silly registry.get     'x-timer': 'S1404784978.584419,VS0,VE30',
349 silly registry.get     vary: 'Accept',
349 silly registry.get     'keep-alive': 'timeout=10, max=50',
349 silly registry.get     connection: 'Keep-Alive' } ]
350 http 200 https://registry.npmjs.org/karma-html2js-preprocessor
351 silly registry.get cb [ 200,
351 silly registry.get   { date: 'Tue, 08 Jul 2014 02:02:58 GMT',
351 silly registry.get     server: 'CouchDB/1.5.0 (Erlang OTP/R16B03)',
351 silly registry.get     etag: '"13I1JABKUBZXZGWDYYHXH1VXH"',
351 silly registry.get     'content-type': 'application/json',
351 silly registry.get     'cache-control': 'max-age=30',
351 silly registry.get     'content-length': '7451',
351 silly registry.get     'accept-ranges': 'bytes',
351 silly registry.get     via: '1.1 varnish',
351 silly registry.get     age: '70',
351 silly registry.get     'x-served-by': 'cache-sjc3121-SJC',
351 silly registry.get     'x-cache': 'HIT',
351 silly registry.get     'x-cache-hits': '1',
351 silly registry.get     'x-timer': 'S1404784978.824789,VS0,VE0',
351 silly registry.get     vary: 'Accept',
351 silly registry.get     'keep-alive': 'timeout=10, max=49',
351 silly registry.get     connection: 'Keep-Alive' } ]
352 http 200 https://registry.npmjs.org/karma-firefox-launcher
353 silly registry.get cb [ 200,
353 silly registry.get   { date: 'Tue, 08 Jul 2014 02:02:58 GMT',
353 silly registry.get     server: 'CouchDB/1.5.0 (Erlang OTP/R16B03)',
353 silly registry.get     etag: '"2NARKK3PKFHK2618HRSG0RYV3"',
353 silly registry.get     'content-type': 'application/json',
353 silly registry.get     'cache-control': 'max-age=30',
353 silly registry.get     'content-length': '14246',
353 silly registry.get     'accept-ranges': 'bytes',
353 silly registry.get     via: '1.1 varnish',
353 silly registry.get     age: '1596',
353 silly registry.get     'x-served-by': 'cache-sjc3135-SJC',
353 silly registry.get     'x-cache': 'HIT',
353 silly registry.get     'x-cache-hits': '1',
353 silly registry.get     'x-timer': 'S1404784978.809715,VS0,VE81',
353 silly registry.get     vary: 'Accept',
353 silly registry.get     'keep-alive': 'timeout=10, max=49',
353 silly registry.get     connection: 'Keep-Alive' } ]
354 http 200 https://registry.npmjs.org/grunt-contrib-handlebars
355 silly registry.get cb [ 200,
355 silly registry.get   { date: 'Tue, 08 Jul 2014 02:02:58 GMT',
355 silly registry.get     server: 'CouchDB/1.5.0 (Erlang OTP/R14B04)',
355 silly registry.get     etag: '"BYYIJ0Z51MR8Q28ZDBISO1751"',
355 silly registry.get     'content-type': 'application/json',
355 silly registry.get     'cache-control': 'max-age=30',
355 silly registry.get     'content-length': '63972',
355 silly registry.get     'accept-ranges': 'bytes',
355 silly registry.get     via: '1.1 varnish',
355 silly registry.get     age: '1047',
355 silly registry.get     'x-served-by': 'cache-sjc3131-SJC',
355 silly registry.get     'x-cache': 'HIT',
355 silly registry.get     'x-cache-hits': '1',
355 silly registry.get     'x-timer': 'S1404784978.587313,VS0,VE27',
355 silly registry.get     vary: 'Accept',
355 silly registry.get     'keep-alive': 'timeout=10, max=50',
355 silly registry.get     connection: 'Keep-Alive' } ]
356 http 200 https://registry.npmjs.org/karma-script-launcher
357 silly registry.get cb [ 200,
357 silly registry.get   { date: 'Tue, 08 Jul 2014 02:02:58 GMT',
357 silly registry.get     server: 'CouchDB/1.5.0 (Erlang OTP/R16B03)',
357 silly registry.get     etag: '"1R68HCABFQPKX7ZJLVD8X6YS2"',
357 silly registry.get     'content-type': 'application/json',
357 silly registry.get     'cache-control': 'max-age=30',
357 silly registry.get     'content-length': '5551',
357 silly registry.get     'accept-ranges': 'bytes',
357 silly registry.get     via: '1.1 varnish',
357 silly registry.get     age: '873',
357 silly registry.get     'x-served-by': 'cache-sjc3135-SJC',
357 silly registry.get     'x-cache': 'HIT',
357 silly registry.get     'x-cache-hits': '1',
357 silly registry.get     'x-timer': 'S1404784978.954086,VS0,VE30',
357 silly registry.get     vary: 'Accept',
357 silly registry.get     'keep-alive': 'timeout=10, max=48',
357 silly registry.get     connection: 'Keep-Alive' } ]
358 http 200 https://registry.npmjs.org/karma-coffee-preprocessor
359 silly registry.get cb [ 200,
359 silly registry.get   { date: 'Tue, 08 Jul 2014 02:02:58 GMT',
359 silly registry.get     server: 'CouchDB/1.5.0 (Erlang OTP/R16B03)',
359 silly registry.get     etag: '"D4OA3E858X7Y4VS7EEQAWDGS4"',
359 silly registry.get     'content-type': 'application/json',
359 silly registry.get     'cache-control': 'max-age=30',
359 silly registry.get     'content-length': '14766',
359 silly registry.get     'accept-ranges': 'bytes',
359 silly registry.get     via: '1.1 varnish',
359 silly registry.get     age: '71',
359 silly registry.get     'x-served-by': 'cache-sjc3127-SJC',
359 silly registry.get     'x-cache': 'HIT',
359 silly registry.get     'x-cache-hits': '1',
359 silly registry.get     'x-timer': 'S1404784978.596419,VS0,VE350',
359 silly registry.get     vary: 'Accept',
359 silly registry.get     'keep-alive': 'timeout=10, max=50',
359 silly registry.get     connection: 'Keep-Alive' } ]
360 http 304 https://registry.npmjs.org/express
361 silly registry.get cb [ 304,
361 silly registry.get   { date: 'Tue, 08 Jul 2014 02:02:59 GMT',
361 silly registry.get     server: 'Apache',
361 silly registry.get     via: '1.1 varnish',
361 silly registry.get     'last-modified': 'Tue, 08 Jul 2014 02:02:59 GMT',
361 silly registry.get     'cache-control': 'max-age=30',
361 silly registry.get     etag: '"332SASS6U298UEEK6F5K6HXVK"',
361 silly registry.get     'x-served-by': 'cache-sjc3127-SJC',
361 silly registry.get     'x-cache': 'HIT',
361 silly registry.get     'x-cache-hits': '1',
361 silly registry.get     'x-timer': 'S1404784979.052486,VS0,VE58',
361 silly registry.get     vary: 'Accept',
361 silly registry.get     'content-length': '0',
361 silly registry.get     'keep-alive': 'timeout=10, max=49',
361 silly registry.get     connection: 'Keep-Alive' } ]
362 verbose etag https://registry.npmjs.org/express from cache
363 http 304 https://registry.npmjs.org/logfmt
364 silly registry.get cb [ 304,
364 silly registry.get   { date: 'Tue, 08 Jul 2014 02:02:59 GMT',
364 silly registry.get     server: 'Apache',
364 silly registry.get     via: '1.1 varnish',
364 silly registry.get     'last-modified': 'Tue, 08 Jul 2014 02:02:59 GMT',
364 silly registry.get     'cache-control': 'max-age=30',
364 silly registry.get     etag: '"EK6ZB05NYOJNS4CL32GC5R99L"',
364 silly registry.get     'x-served-by': 'cache-sjc3135-SJC',
364 silly registry.get     'x-cache': 'MISS',
364 silly registry.get     'x-cache-hits': '0',
364 silly registry.get     'x-timer': 'S1404784979.044853,VS0,VE80',
364 silly registry.get     vary: 'Accept',
364 silly registry.get     'content-length': '0',
364 silly registry.get     'keep-alive': 'timeout=10, max=47',
364 silly registry.get     connection: 'Keep-Alive' } ]
365 verbose etag https://registry.npmjs.org/logfmt from cache
366 http 200 https://registry.npmjs.org/requirejs
367 silly registry.get cb [ 200,
367 silly registry.get   { date: 'Tue, 08 Jul 2014 02:02:59 GMT',
367 silly registry.get     server: 'CouchDB/1.5.0 (Erlang OTP/R14B04)',
367 silly registry.get     etag: '"5M73P5MQX1Z30NO4KTEN78MS5"',
367 silly registry.get     'content-type': 'application/json',
367 silly registry.get     'cache-control': 'max-age=30',
367 silly registry.get     'content-length': '34660',
367 silly registry.get     'accept-ranges': 'bytes',
367 silly registry.get     via: '1.1 varnish',
367 silly registry.get     age: '3363',
367 silly registry.get     'x-served-by': 'cache-sjc3131-SJC',
367 silly registry.get     'x-cache': 'HIT',
367 silly registry.get     'x-cache-hits': '1',
367 silly registry.get     'x-timer': 'S1404784979.001845,VS0,VE0',
367 silly registry.get     vary: 'Accept',
367 silly registry.get     'keep-alive': 'timeout=10, max=49',
367 silly registry.get     connection: 'Keep-Alive' } ]
368 http 304 https://registry.npmjs.org/connect-livereload
369 silly registry.get cb [ 304,
369 silly registry.get   { date: 'Tue, 08 Jul 2014 02:02:59 GMT',
369 silly registry.get     server: 'Apache',
369 silly registry.get     via: '1.1 varnish',
369 silly registry.get     'last-modified': 'Tue, 08 Jul 2014 02:02:48 GMT',
369 silly registry.get     'cache-control': 'max-age=30',
369 silly registry.get     etag: '"F190YGQWXJ733BAOQA0I5UN1G"',
369 silly registry.get     'x-served-by': 'cache-sjc3127-SJC',
369 silly registry.get     'x-cache': 'HIT',
369 silly registry.get     'x-cache-hits': '2',
369 silly registry.get     'x-timer': 'S1404784979.160863,VS0,VE0',
369 silly registry.get     vary: 'Accept',
369 silly registry.get     'content-length': '0',
369 silly registry.get     'keep-alive': 'timeout=10, max=48',
369 silly registry.get     connection: 'Keep-Alive' } ]
370 verbose etag https://registry.npmjs.org/connect-livereload from cache
371 http 200 https://registry.npmjs.org/karma-requirejs
372 silly registry.get cb [ 200,
372 silly registry.get   { date: 'Tue, 08 Jul 2014 02:02:58 GMT',
372 silly registry.get     server: 'CouchDB/1.5.0 (Erlang OTP/R14B04)',
372 silly registry.get     etag: '"5NENRRMR9SVQARUPNYAMPD5CS"',
372 silly registry.get     'content-type': 'application/json',
372 silly registry.get     'cache-control': 'max-age=30',
372 silly registry.get     'content-length': '10401',
372 silly registry.get     'accept-ranges': 'bytes',
372 silly registry.get     via: '1.1 varnish',
372 silly registry.get     age: '6370',
372 silly registry.get     'x-served-by': 'cache-sjc3121-SJC',
372 silly registry.get     'x-cache': 'HIT',
372 silly registry.get     'x-cache-hits': '2',
372 silly registry.get     'x-timer': 'S1404784978.896731,VS0,VE0',
372 silly registry.get     vary: 'Accept',
372 silly registry.get     'keep-alive': 'timeout=10, max=48',
372 silly registry.get     connection: 'Keep-Alive' } ]
373 verbose request where is /split
374 verbose request registry https://registry.npmjs.org/
375 verbose url raw /split
376 verbose url resolving [ 'https://registry.npmjs.org/', './split' ]
377 verbose url resolved https://registry.npmjs.org/split
378 verbose request where is https://registry.npmjs.org/split
379 info trying registry request attempt 1 at 19:02:59
380 verbose etag "9KC9DAKTN6XWG0FO4CC2EPI3A"
381 http GET https://registry.npmjs.org/split
382 verbose request where is /through
383 verbose request registry https://registry.npmjs.org/
384 verbose url raw /through
385 verbose url resolving [ 'https://registry.npmjs.org/', './through' ]
386 verbose url resolved https://registry.npmjs.org/through
387 verbose request where is https://registry.npmjs.org/through
388 info trying registry request attempt 1 at 19:02:59
389 verbose etag "18YPPYHNV0MYSGVKP3C0J8I9B"
390 http GET https://registry.npmjs.org/through
391 verbose request where is /lodash
392 verbose request registry https://registry.npmjs.org/
393 verbose url raw /lodash
394 verbose url resolving [ 'https://registry.npmjs.org/', './lodash' ]
395 verbose url resolved https://registry.npmjs.org/lodash
396 verbose request where is https://registry.npmjs.org/lodash
397 info trying registry request attempt 1 at 19:02:59
398 verbose etag "50OX5BTJLKSOA3BQ6URIRHXGF"
399 http GET https://registry.npmjs.org/lodash
400 http 304 https://registry.npmjs.org/grunt-connect-proxy
401 silly registry.get cb [ 304,
401 silly registry.get   { date: 'Tue, 08 Jul 2014 02:02:59 GMT',
401 silly registry.get     server: 'Apache',
401 silly registry.get     via: '1.1 varnish',
401 silly registry.get     'last-modified': 'Tue, 08 Jul 2014 02:02:59 GMT',
401 silly registry.get     'cache-control': 'max-age=30',
401 silly registry.get     etag: '"315K097IIFROOZPBIBA6CJW1"',
401 silly registry.get     'x-served-by': 'cache-sjc3131-SJC',
401 silly registry.get     'x-cache': 'HIT',
401 silly registry.get     'x-cache-hits': '1',
401 silly registry.get     'x-timer': 'S1404784979.205253,VS0,VE0',
401 silly registry.get     vary: 'Accept',
401 silly registry.get     'content-length': '0',
401 silly registry.get     'keep-alive': 'timeout=10, max=48',
401 silly registry.get     connection: 'Keep-Alive' } ]
402 verbose etag https://registry.npmjs.org/grunt-connect-proxy from cache
403 verbose request where is /lodash
404 verbose request registry https://registry.npmjs.org/
405 verbose url raw /lodash
406 verbose url resolving [ 'https://registry.npmjs.org/', './lodash' ]
407 verbose url resolved https://registry.npmjs.org/lodash
408 verbose request where is https://registry.npmjs.org/lodash
409 info trying registry request attempt 1 at 19:02:59
410 verbose etag "50OX5BTJLKSOA3BQ6URIRHXGF"
411 http GET https://registry.npmjs.org/lodash
412 verbose request where is /http-proxy
413 verbose request registry https://registry.npmjs.org/
414 verbose url raw /http-proxy
415 verbose url resolving [ 'https://registry.npmjs.org/', './http-proxy' ]
416 verbose url resolved https://registry.npmjs.org/http-proxy
417 verbose request where is https://registry.npmjs.org/http-proxy
418 info trying registry request attempt 1 at 19:02:59
419 verbose etag "F5AWYMPQV7E541SQEO5PSKYAW"
420 http GET https://registry.npmjs.org/http-proxy
421 http 304 https://registry.npmjs.org/grunt-contrib-coffee
422 silly registry.get cb [ 304,
422 silly registry.get   { date: 'Tue, 08 Jul 2014 02:02:59 GMT',
422 silly registry.get     server: 'Apache',
422 silly registry.get     via: '1.1 varnish',
422 silly registry.get     'last-modified': 'Tue, 08 Jul 2014 02:02:59 GMT',
422 silly registry.get     'cache-control': 'max-age=30',
422 silly registry.get     etag: '"D2P6B5XTFK0HQN8WAIB50G1RX"',
422 silly registry.get     'x-served-by': 'cache-sjc3127-SJC',
422 silly registry.get     'x-cache': 'HIT',
422 silly registry.get     'x-cache-hits': '1',
422 silly registry.get     'x-timer': 'S1404784979.210990,VS0,VE0',
422 silly registry.get     vary: 'Accept',
422 silly registry.get     'content-length': '0',
422 silly registry.get     'keep-alive': 'timeout=10, max=47',
422 silly registry.get     connection: 'Keep-Alive' } ]
423 verbose etag https://registry.npmjs.org/grunt-contrib-coffee from cache
424 http 200 https://registry.npmjs.org/grunt
425 silly registry.get cb [ 200,
425 silly registry.get   { date: 'Tue, 08 Jul 2014 02:02:59 GMT',
425 silly registry.get     server: 'CouchDB/1.5.0 (Erlang OTP/R16B03)',
425 silly registry.get     etag: '"1XTWCC7K7R4LFRGZ1B27U5E3P"',
425 silly registry.get     'content-type': 'application/json',
425 silly registry.get     'cache-control': 'max-age=30',
425 silly registry.get     'content-length': '85875',
425 silly registry.get     'accept-ranges': 'bytes',
425 silly registry.get     via: '1.1 varnish',
425 silly registry.get     age: '552',
425 silly registry.get     'x-served-by': 'cache-sjc3135-SJC',
425 silly registry.get     'x-cache': 'HIT',
425 silly registry.get     'x-cache-hits': '1',
425 silly registry.get     'x-timer': 'S1404784979.189029,VS0,VE0',
425 silly registry.get     vary: 'Accept',
425 silly registry.get     'keep-alive': 'timeout=10, max=46',
425 silly registry.get     connection: 'Keep-Alive' } ]
426 http 200 https://registry.npmjs.org/grunt-contrib-clean
427 silly registry.get cb [ 200,
427 silly registry.get   { date: 'Tue, 08 Jul 2014 02:02:59 GMT',
427 silly registry.get     server: 'CouchDB/1.5.0 (Erlang OTP/R14B04)',
427 silly registry.get     etag: '"AKYXOHE7XJUONMMBX24BGLTC6"',
427 silly registry.get     'content-type': 'application/json',
427 silly registry.get     'cache-control': 'max-age=30',
427 silly registry.get     'content-length': '21383',
427 silly registry.get     'accept-ranges': 'bytes',
427 silly registry.get     via: '1.1 varnish',
427 silly registry.get     age: '481',
427 silly registry.get     'x-served-by': 'cache-sjc3127-SJC',
427 silly registry.get     'x-cache': 'HIT',
427 silly registry.get     'x-cache-hits': '1',
427 silly registry.get     'x-timer': 'S1404784979.260727,VS0,VE0',
427 silly registry.get     vary: 'Accept',
427 silly registry.get     'keep-alive': 'timeout=10, max=46',
427 silly registry.get     connection: 'Keep-Alive' } ]
428 verbose request where is /rimraf
429 verbose request registry https://registry.npmjs.org/
430 verbose url raw /rimraf
431 verbose url resolving [ 'https://registry.npmjs.org/', './rimraf' ]
432 verbose url resolved https://registry.npmjs.org/rimraf
433 verbose request where is https://registry.npmjs.org/rimraf
434 info trying registry request attempt 1 at 19:02:59
435 verbose etag "ABOUENDSXKGH3EXB3RNP95LWY"
436 http GET https://registry.npmjs.org/rimraf
437 http 200 https://registry.npmjs.org/grunt-contrib-cssmin
438 silly registry.get cb [ 200,
438 silly registry.get   { date: 'Tue, 08 Jul 2014 02:02:59 GMT',
438 silly registry.get     server: 'CouchDB/1.5.0 (Erlang OTP/R14B04)',
438 silly registry.get     etag: '"8JPDZ3WSFRQOLKKAUMJ585PJE"',
438 silly registry.get     'content-type': 'application/json',
438 silly registry.get     'cache-control': 'max-age=30',
438 silly registry.get     'content-length': '24111',
438 silly registry.get     'accept-ranges': 'bytes',
438 silly registry.get     via: '1.1 varnish',
438 silly registry.get     age: '2113',
438 silly registry.get     'x-served-by': 'cache-sjc3135-SJC',
438 silly registry.get     'x-cache': 'HIT',
438 silly registry.get     'x-cache-hits': '1',
438 silly registry.get     'x-timer': 'S1404784979.367570,VS0,VE0',
438 silly registry.get     vary: 'Accept',
438 silly registry.get     'keep-alive': 'timeout=10, max=45',
438 silly registry.get     connection: 'Keep-Alive' } ]
439 http 304 https://registry.npmjs.org/grunt-contrib-htmlmin
440 silly registry.get cb [ 304,
440 silly registry.get   { date: 'Tue, 08 Jul 2014 02:02:59 GMT',
440 silly registry.get     server: 'Apache',
440 silly registry.get     via: '1.1 varnish',
440 silly registry.get     'last-modified': 'Tue, 08 Jul 2014 02:02:59 GMT',
440 silly registry.get     'cache-control': 'max-age=30',
440 silly registry.get     etag: '"3J4K6BQAI9KJKYSLG8METF2HO"',
440 silly registry.get     'x-served-by': 'cache-sjc3127-SJC',
440 silly registry.get     'x-cache': 'HIT',
440 silly registry.get     'x-cache-hits': '1',
440 silly registry.get     'x-timer': 'S1404784979.368705,VS0,VE0',
440 silly registry.get     vary: 'Accept',
440 silly registry.get     'content-length': '0',
440 silly registry.get     'keep-alive': 'timeout=10, max=45',
440 silly registry.get     connection: 'Keep-Alive' } ]
441 verbose etag https://registry.npmjs.org/grunt-contrib-htmlmin from cache
442 http 200 https://registry.npmjs.org/grunt-contrib-connect
443 silly registry.get cb [ 200,
443 silly registry.get   { date: 'Tue, 08 Jul 2014 02:02:59 GMT',
443 silly registry.get     server: 'CouchDB/1.5.0 (Erlang OTP/R16B03)',
443 silly registry.get     etag: '"25UA87O5JYNKF93SGIFZC3X9F"',
443 silly registry.get     'content-type': 'application/json',
443 silly registry.get     'cache-control': 'max-age=30',
443 silly registry.get     'content-length': '37414',
443 silly registry.get     'accept-ranges': 'bytes',
443 silly registry.get     via: '1.1 varnish',
443 silly registry.get     age: '2766',
443 silly registry.get     'x-served-by': 'cache-sjc3135-SJC',
443 silly registry.get     'x-cache': 'HIT',
443 silly registry.get     'x-cache-hits': '1',
443 silly registry.get     'x-timer': 'S1404784979.428491,VS0,VE0',
443 silly registry.get     vary: 'Accept',
443 silly registry.get     'keep-alive': 'timeout=10, max=44',
443 silly registry.get     connection: 'Keep-Alive' } ]
444 http 304 https://registry.npmjs.org/grunt-contrib-concat
445 silly registry.get cb [ 304,
445 silly registry.get   { date: 'Tue, 08 Jul 2014 02:02:59 GMT',
445 silly registry.get     server: 'Apache',
445 silly registry.get     via: '1.1 varnish',
445 silly registry.get     'last-modified': 'Tue, 08 Jul 2014 02:02:59 GMT',
445 silly registry.get     'cache-control': 'max-age=30',
445 silly registry.get     etag: '"61RQNP3RQLWOM69Y6ONWQZQG1"',
445 silly registry.get     'x-served-by': 'cache-sjc3131-SJC',
445 silly registry.get     'x-cache': 'HIT',
445 silly registry.get     'x-cache-hits': '1',
445 silly registry.get     'x-timer': 'S1404784979.237345,VS0,VE0',
445 silly registry.get     vary: 'Accept',
445 silly registry.get     'content-length': '0',
445 silly registry.get     'keep-alive': 'timeout=10, max=47',
445 silly registry.get     connection: 'Keep-Alive' } ]
446 verbose etag https://registry.npmjs.org/grunt-contrib-concat from cache
447 http 200 https://registry.npmjs.org/grunt-contrib-copy
448 silly registry.get cb [ 200,
448 silly registry.get   { date: 'Tue, 08 Jul 2014 02:02:59 GMT',
448 silly registry.get     server: 'CouchDB/1.5.0 (Erlang OTP/R14B04)',
448 silly registry.get     etag: '"CDPGQ1SUFZMH5EVR6HX9UU4HC"',
448 silly registry.get     'content-type': 'application/json',
448 silly registry.get     'cache-control': 'max-age=30',
448 silly registry.get     'content-length': '26302',
448 silly registry.get     'accept-ranges': 'bytes',
448 silly registry.get     via: '1.1 varnish',
448 silly registry.get     age: '552',
448 silly registry.get     'x-served-by': 'cache-sjc3121-SJC',
448 silly registry.get     'x-cache': 'HIT',
448 silly registry.get     'x-cache-hits': '1',
448 silly registry.get     'x-timer': 'S1404784979.219288,VS0,VE0',
448 silly registry.get     vary: 'Accept',
448 silly registry.get     'keep-alive': 'timeout=10, max=47',
448 silly registry.get     connection: 'Keep-Alive' } ]
449 http 200 https://registry.npmjs.org/grunt-contrib-jasmine
450 silly registry.get cb [ 200,
450 silly registry.get   { date: 'Tue, 08 Jul 2014 02:02:59 GMT',
450 silly registry.get     server: 'CouchDB/1.5.0 (Erlang OTP/R16B03)',
450 silly registry.get     etag: '"8G6Q5WHD7OCZ2EJL73JN5PGTE"',
450 silly registry.get     'content-type': 'application/json',
450 silly registry.get     'cache-control': 'max-age=30',
450 silly registry.get     'content-length': '48564',
450 silly registry.get     'accept-ranges': 'bytes',
450 silly registry.get     via: '1.1 varnish',
450 silly registry.get     age: '3138',
450 silly registry.get     'x-served-by': 'cache-sjc3127-SJC',
450 silly registry.get     'x-cache': 'HIT',
450 silly registry.get     'x-cache-hits': '1',
450 silly registry.get     'x-timer': 'S1404784979.427975,VS0,VE30',
450 silly registry.get     vary: 'Accept',
450 silly registry.get     'keep-alive': 'timeout=10, max=44',
450 silly registry.get     connection: 'Keep-Alive' } ]
451 http 304 https://registry.npmjs.org/grunt-karma
452 silly registry.get cb [ 304,
452 silly registry.get   { date: 'Tue, 08 Jul 2014 02:02:59 GMT',
452 silly registry.get     server: 'Apache',
452 silly registry.get     via: '1.1 varnish',
452 silly registry.get     'last-modified': 'Tue, 08 Jul 2014 02:02:59 GMT',
452 silly registry.get     'cache-control': 'max-age=30',
452 silly registry.get     etag: '"5UJ5BXN8E1I65KAK6F9Z49Y8A"',
452 silly registry.get     'x-served-by': 'cache-sjc3121-SJC',
452 silly registry.get     'x-cache': 'HIT',
452 silly registry.get     'x-cache-hits': '1',
452 silly registry.get     'x-timer': 'S1404784979.580077,VS0,VE29',
452 silly registry.get     vary: 'Accept',
452 silly registry.get     'content-length': '0',
452 silly registry.get     'keep-alive': 'timeout=10, max=46',
452 silly registry.get     connection: 'Keep-Alive' } ]
453 verbose etag https://registry.npmjs.org/grunt-karma from cache
454 http 304 https://registry.npmjs.org/grunt-usemin
455 silly registry.get cb [ 304,
455 silly registry.get   { date: 'Tue, 08 Jul 2014 02:02:59 GMT',
455 silly registry.get     server: 'Apache',
455 silly registry.get     via: '1.1 varnish',
455 silly registry.get     'last-modified': 'Tue, 08 Jul 2014 02:02:59 GMT',
455 silly registry.get     'cache-control': 'max-age=30',
455 silly registry.get     etag: '"7GEELM62SU3E42VYMCCJXT0X0"',
455 silly registry.get     'x-served-by': 'cache-sjc3121-SJC',
455 silly registry.get     'x-cache': 'HIT',
455 silly registry.get     'x-cache-hits': '1',
455 silly registry.get     'x-timer': 'S1404784979.663119,VS0,VE0',
455 silly registry.get     vary: 'Accept',
455 silly registry.get     'content-length': '0',
455 silly registry.get     'keep-alive': 'timeout=10, max=45',
455 silly registry.get     connection: 'Keep-Alive' } ]
456 verbose etag https://registry.npmjs.org/grunt-usemin from cache
457 http 304 https://registry.npmjs.org/grunt-open
458 silly registry.get cb [ 304,
458 silly registry.get   { date: 'Tue, 08 Jul 2014 02:02:59 GMT',
458 silly registry.get     server: 'Apache',
458 silly registry.get     via: '1.1 varnish',
458 silly registry.get     'last-modified': 'Tue, 08 Jul 2014 02:02:59 GMT',
458 silly registry.get     'cache-control': 'max-age=30',
458 silly registry.get     etag: '"8K31EBDVE4FVUF0NLW0SWYKGD"',
458 silly registry.get     'x-served-by': 'cache-sjc3121-SJC',
458 silly registry.get     'x-cache': 'HIT',
458 silly registry.get     'x-cache-hits': '1',
458 silly registry.get     'x-timer': 'S1404784979.716109,VS0,VE0',
458 silly registry.get     vary: 'Accept',
458 silly registry.get     'content-length': '0',
458 silly registry.get     'keep-alive': 'timeout=10, max=44',
458 silly registry.get     connection: 'Keep-Alive' } ]
459 verbose etag https://registry.npmjs.org/grunt-open from cache
460 verbose request where is /open
461 verbose request registry https://registry.npmjs.org/
462 verbose url raw /open
463 verbose url resolving [ 'https://registry.npmjs.org/', './open' ]
464 verbose url resolved https://registry.npmjs.org/open
465 verbose request where is https://registry.npmjs.org/open
466 info trying registry request attempt 1 at 19:02:59
467 verbose etag "92J2QC9RIL0L6QRTT2NNZT99S"
468 http GET https://registry.npmjs.org/open
469 http 200 https://registry.npmjs.org/grunt-contrib-uglify
470 silly registry.get cb [ 200,
470 silly registry.get   { date: 'Tue, 08 Jul 2014 02:02:59 GMT',
470 silly registry.get     server: 'CouchDB/1.5.0 (Erlang OTP/R14B04)',
470 silly registry.get     etag: '"9CUSV5EG43WTYS056RG3DC04N"',
470 silly registry.get     'content-type': 'application/json',
470 silly registry.get     'cache-control': 'max-age=30',
470 silly registry.get     'content-length': '46908',
470 silly registry.get     'accept-ranges': 'bytes',
470 silly registry.get     via: '1.1 varnish',
470 silly registry.get     age: '805',
470 silly registry.get     'x-served-by': 'cache-sjc3131-SJC',
470 silly registry.get     'x-cache': 'HIT',
470 silly registry.get     'x-cache-hits': '1',
470 silly registry.get     'x-timer': 'S1404784979.515391,VS0,VE0',
470 silly registry.get     vary: 'Accept',
470 silly registry.get     'keep-alive': 'timeout=10, max=46',
470 silly registry.get     connection: 'Keep-Alive' } ]
471 http 200 https://registry.npmjs.org/grunt-contrib-watch
472 silly registry.get cb [ 200,
472 silly registry.get   { date: 'Tue, 08 Jul 2014 02:02:59 GMT',
472 silly registry.get     server: 'CouchDB/1.5.0 (Erlang OTP/R16B03)',
472 silly registry.get     etag: '"AB3LK235B9PHY6MH3DB8PGHMQ"',
472 silly registry.get     'content-type': 'application/json',
472 silly registry.get     'cache-control': 'max-age=30',
472 silly registry.get     'content-length': '59502',
472 silly registry.get     'accept-ranges': 'bytes',
472 silly registry.get     via: '1.1 varnish',
472 silly registry.get     age: '1048',
472 silly registry.get     'x-served-by': 'cache-sjc3127-SJC',
472 silly registry.get     'x-cache': 'HIT',
472 silly registry.get     'x-cache-hits': '2',
472 silly registry.get     'x-timer': 'S1404784979.612009,VS0,VE0',
472 silly registry.get     vary: 'Accept',
472 silly registry.get     'keep-alive': 'timeout=10, max=43',
472 silly registry.get     connection: 'Keep-Alive' } ]
473 http 304 https://registry.npmjs.org/karma
474 silly registry.get cb [ 304,
474 silly registry.get   { date: 'Tue, 08 Jul 2014 02:02:59 GMT',
474 silly registry.get     server: 'Apache',
474 silly registry.get     via: '1.1 varnish',
474 silly registry.get     'last-modified': 'Tue, 08 Jul 2014 02:02:59 GMT',
474 silly registry.get     'cache-control': 'max-age=30',
474 silly registry.get     etag: '"6LGI61QLX0QBMEGWWAD7JUOI4"',
474 silly registry.get     'x-served-by': 'cache-sjc3127-SJC',
474 silly registry.get     'x-cache': 'HIT',
474 silly registry.get     'x-cache-hits': '1',
474 silly registry.get     'x-timer': 'S1404784979.916652,VS0,VE1',
474 silly registry.get     vary: 'Accept',
474 silly registry.get     'content-length': '0',
474 silly registry.get     'keep-alive': 'timeout=10, max=42',
474 silly registry.get     connection: 'Keep-Alive' } ]
475 verbose etag https://registry.npmjs.org/karma from cache
476 http 200 https://registry.npmjs.org/jshint-stylish
477 silly registry.get cb [ 200,
477 silly registry.get   { date: 'Tue, 08 Jul 2014 02:02:59 GMT',
477 silly registry.get     server: 'CouchDB/1.5.0 (Erlang OTP/R16B03)',
477 silly registry.get     etag: '"F2QJ11C84K731LVK8NZP7VVB2"',
477 silly registry.get     'content-type': 'application/json',
477 silly registry.get     'cache-control': 'max-age=30',
477 silly registry.get     'content-length': '10022',
477 silly registry.get     'accept-ranges': 'bytes',
477 silly registry.get     via: '1.1 varnish',
477 silly registry.get     age: '72',
477 silly registry.get     'x-served-by': 'cache-sjc3121-SJC',
477 silly registry.get     'x-cache': 'HIT',
477 silly registry.get     'x-cache-hits': '1',
477 silly registry.get     'x-timer': 'S1404784979.772582,VS0,VE83',
477 silly registry.get     vary: 'Accept',
477 silly registry.get     'keep-alive': 'timeout=10, max=43',
477 silly registry.get     connection: 'Keep-Alive' } ]
478 http 304 https://registry.npmjs.org/karma-chrome-launcher
479 silly registry.get cb [ 304,
479 silly registry.get   { date: 'Tue, 08 Jul 2014 02:02:59 GMT',
479 silly registry.get     server: 'Apache',
479 silly registry.get     via: '1.1 varnish',
479 silly registry.get     'last-modified': 'Tue, 08 Jul 2014 02:02:59 GMT',
479 silly registry.get     'cache-control': 'max-age=30',
479 silly registry.get     etag: '"5M03L2R8TWZKX23RR0ZRO2VD4"',
479 silly registry.get     'x-served-by': 'cache-sjc3131-SJC',
479 silly registry.get     'x-cache': 'HIT',
479 silly registry.get     'x-cache-hits': '1',
479 silly registry.get     'x-timer': 'S1404784979.875669,VS0,VE83',
479 silly registry.get     vary: 'Accept',
479 silly registry.get     'content-length': '0',
479 silly registry.get     'keep-alive': 'timeout=10, max=45',
479 silly registry.get     connection: 'Keep-Alive' } ]
480 verbose etag https://registry.npmjs.org/karma-chrome-launcher from cache
481 http 304 https://registry.npmjs.org/karma-phantomjs-launcher
482 silly registry.get cb [ 304,
482 silly registry.get   { date: 'Tue, 08 Jul 2014 02:02:59 GMT',
482 silly registry.get     server: 'Apache',
482 silly registry.get     via: '1.1 varnish',
482 silly registry.get     'last-modified': 'Tue, 08 Jul 2014 02:02:59 GMT',
482 silly registry.get     'cache-control': 'max-age=30',
482 silly registry.get     etag: '"2QH2ZN7DR2HRP3PBOJILQPEMP"',
482 silly registry.get     'x-served-by': 'cache-sjc3131-SJC',
482 silly registry.get     'x-cache': 'HIT',
482 silly registry.get     'x-cache-hits': '1',
482 silly registry.get     'x-timer': 'S1404784979.995918,VS0,VE0',
482 silly registry.get     vary: 'Accept',
482 silly registry.get     'content-length': '0',
482 silly registry.get     'keep-alive': 'timeout=10, max=44',
482 silly registry.get     connection: 'Keep-Alive' } ]
483 verbose etag https://registry.npmjs.org/karma-phantomjs-launcher from cache
484 http 200 https://registry.npmjs.org/grunt-contrib-jshint
485 silly registry.get cb [ 200,
485 silly registry.get   { date: 'Tue, 08 Jul 2014 02:02:59 GMT',
485 silly registry.get     server: 'CouchDB/1.5.0 (Erlang OTP/R16B03)',
485 silly registry.get     etag: '"9JRH3EMMI8I8NIEUBCPC9SFJZ"',
485 silly registry.get     'content-type': 'application/json',
485 silly registry.get     'cache-control': 'max-age=30',
485 silly registry.get     'content-length': '51450',
485 silly registry.get     'accept-ranges': 'bytes',
485 silly registry.get     via: '1.1 varnish',
485 silly registry.get     age: '496',
485 silly registry.get     'x-served-by': 'cache-sjc3135-SJC',
485 silly registry.get     'x-cache': 'HIT',
485 silly registry.get     'x-cache-hits': '1',
485 silly registry.get     'x-timer': 'S1404784979.514198,VS0,VE0',
485 silly registry.get     vary: 'Accept',
485 silly registry.get     'keep-alive': 'timeout=10, max=43',
485 silly registry.get     connection: 'Keep-Alive' } ]
486 http 200 https://registry.npmjs.org/karma-jasmine
487 silly registry.get cb [ 200,
487 silly registry.get   { date: 'Tue, 08 Jul 2014 02:02:59 GMT',
487 silly registry.get     server: 'CouchDB/1.5.0 (Erlang OTP/R16B03)',
487 silly registry.get     etag: '"ERSHAUSJPFZWPM9I636QX27QN"',
487 silly registry.get     'content-type': 'application/json',
487 silly registry.get     'cache-control': 'max-age=30',
487 silly registry.get     'content-length': '16983',
487 silly registry.get     'accept-ranges': 'bytes',
487 silly registry.get     via: '1.1 varnish',
487 silly registry.get     age: '1158',
487 silly registry.get     'x-served-by': 'cache-sjc3121-SJC',
487 silly registry.get     'x-cache': 'HIT',
487 silly registry.get     'x-cache-hits': '1',
487 silly registry.get     'x-timer': 'S1404784979.992224,VS0,VE0',
487 silly registry.get     vary: 'Accept',
487 silly registry.get     'keep-alive': 'timeout=10, max=42',
487 silly registry.get     connection: 'Keep-Alive' } ]
488 http 304 https://registry.npmjs.org/load-grunt-tasks
489 silly registry.get cb [ 304,
489 silly registry.get   { date: 'Tue, 08 Jul 2014 02:03:00 GMT',
489 silly registry.get     server: 'Apache',
489 silly registry.get     via: '1.1 varnish',
489 silly registry.get     'last-modified': 'Tue, 08 Jul 2014 02:03:00 GMT',
489 silly registry.get     'cache-control': 'max-age=30',
489 silly registry.get     etag: '"CSNQUWKP9A83QZXL859ZTMELJ"',
489 silly registry.get     'x-served-by': 'cache-sjc3121-SJC',
489 silly registry.get     'x-cache': 'HIT',
489 silly registry.get     'x-cache-hits': '1',
489 silly registry.get     'x-timer': 'S1404784980.150375,VS0,VE0',
489 silly registry.get     vary: 'Accept',
489 silly registry.get     'content-length': '0',
489 silly registry.get     'keep-alive': 'timeout=10, max=41',
489 silly registry.get     connection: 'Keep-Alive' } ]
490 verbose etag https://registry.npmjs.org/load-grunt-tasks from cache
491 http 304 https://registry.npmjs.org/time-grunt
492 silly registry.get cb [ 304,
492 silly registry.get   { date: 'Tue, 08 Jul 2014 02:03:00 GMT',
492 silly registry.get     server: 'Apache',
492 silly registry.get     via: '1.1 varnish',
492 silly registry.get     'last-modified': 'Tue, 08 Jul 2014 02:03:00 GMT',
492 silly registry.get     'cache-control': 'max-age=30',
492 silly registry.get     etag: '"C0C7NQCRWJJ2GPD86M5QOK3IS"',
492 silly registry.get     'x-served-by': 'cache-sjc3121-SJC',
492 silly registry.get     'x-cache': 'HIT',
492 silly registry.get     'x-cache-hits': '1',
492 silly registry.get     'x-timer': 'S1404784980.185021,VS0,VE0',
492 silly registry.get     vary: 'Accept',
492 silly registry.get     'content-length': '0',
492 silly registry.get     'keep-alive': 'timeout=10, max=40',
492 silly registry.get     connection: 'Keep-Alive' } ]
493 verbose etag https://registry.npmjs.org/time-grunt from cache
494 http 200 https://registry.npmjs.org/karma-coverage
495 silly registry.get cb [ 200,
495 silly registry.get   { date: 'Tue, 08 Jul 2014 02:03:00 GMT',
495 silly registry.get     server: 'CouchDB/1.5.0 (Erlang OTP/R16B03)',
495 silly registry.get     etag: '"DE2DFMC8FUM2WVR5U2ZCSLB1O"',
495 silly registry.get     'content-type': 'application/json',
495 silly registry.get     'cache-control': 'max-age=30',
495 silly registry.get     'content-length': '24098',
495 silly registry.get     'accept-ranges': 'bytes',
495 silly registry.get     via: '1.1 varnish',
495 silly registry.get     age: '633',
495 silly registry.get     'x-served-by': 'cache-sjc3127-SJC',
495 silly registry.get     'x-cache': 'HIT',
495 silly registry.get     'x-cache-hits': '1',
495 silly registry.get     'x-timer': 'S1404784979.950680,VS0,VE83',
495 silly registry.get     vary: 'Accept',
495 silly registry.get     'keep-alive': 'timeout=10, max=41',
495 silly registry.get     connection: 'Keep-Alive' } ]
496 verbose request where is /ibrik
497 verbose request registry https://registry.npmjs.org/
498 verbose url raw /ibrik
499 verbose url resolving [ 'https://registry.npmjs.org/', './ibrik' ]
500 verbose url resolved https://registry.npmjs.org/ibrik
501 verbose request where is https://registry.npmjs.org/ibrik
502 info trying registry request attempt 1 at 19:03:00
503 verbose etag "7T0GUAJ29UNR6FLT8QRXGRWFR"
504 http GET https://registry.npmjs.org/ibrik
505 verbose request where is /dateformat
506 verbose request registry https://registry.npmjs.org/
507 verbose url raw /dateformat
508 verbose url resolving [ 'https://registry.npmjs.org/', './dateformat' ]
509 verbose url resolved https://registry.npmjs.org/dateformat
510 verbose request where is https://registry.npmjs.org/dateformat
511 info trying registry request attempt 1 at 19:03:00
512 verbose etag "242QPOF518VD2HJEJY3TTK0EV"
513 http GET https://registry.npmjs.org/dateformat
514 verbose request where is /istanbul
515 verbose request registry https://registry.npmjs.org/
516 verbose url raw /istanbul
517 verbose url resolving [ 'https://registry.npmjs.org/', './istanbul' ]
518 verbose url resolved https://registry.npmjs.org/istanbul
519 verbose request where is https://registry.npmjs.org/istanbul
520 info trying registry request attempt 1 at 19:03:00
521 verbose etag "DGAN2AT1WC99X461QH6PTNC4T"
522 http GET https://registry.npmjs.org/istanbul
523 verbose request where is /minimatch
524 verbose request registry https://registry.npmjs.org/
525 verbose url raw /minimatch
526 verbose url resolving [ 'https://registry.npmjs.org/', './minimatch' ]
527 verbose url resolved https://registry.npmjs.org/minimatch
528 verbose request where is https://registry.npmjs.org/minimatch
529 info trying registry request attempt 1 at 19:03:00
530 verbose etag "4L7HPXZWDILAEMPCDOM6NE5OL"
531 http GET https://registry.npmjs.org/minimatch
532 http 304 https://registry.npmjs.org/split
533 silly registry.get cb [ 304,
533 silly registry.get   { date: 'Tue, 08 Jul 2014 02:03:00 GMT',
533 silly registry.get     server: 'Apache',
533 silly registry.get     via: '1.1 varnish',
533 silly registry.get     'last-modified': 'Tue, 08 Jul 2014 02:03:00 GMT',
533 silly registry.get     'cache-control': 'max-age=30',
533 silly registry.get     etag: '"9KC9DAKTN6XWG0FO4CC2EPI3A"',
533 silly registry.get     'x-served-by': 'cache-sjc3121-SJC',
533 silly registry.get     'x-cache': 'HIT',
533 silly registry.get     'x-cache-hits': '1',
533 silly registry.get     'x-timer': 'S1404784980.223069,VS0,VE0',
533 silly registry.get     vary: 'Accept',
533 silly registry.get     'content-length': '0',
533 silly registry.get     'keep-alive': 'timeout=10, max=39',
533 silly registry.get     connection: 'Keep-Alive' } ]
534 verbose etag https://registry.npmjs.org/split from cache
535 http 304 https://registry.npmjs.org/json-proxy
536 silly registry.get cb [ 304,
536 silly registry.get   { date: 'Tue, 08 Jul 2014 02:03:00 GMT',
536 silly registry.get     server: 'Apache',
536 silly registry.get     via: '1.1 varnish',
536 silly registry.get     'last-modified': 'Tue, 08 Jul 2014 02:03:00 GMT',
536 silly registry.get     'cache-control': 'max-age=30',
536 silly registry.get     etag: '"4TC3ASGTO5C3R9G3DLVSMQK5V"',
536 silly registry.get     'x-served-by': 'cache-sjc3135-SJC',
536 silly registry.get     'x-cache': 'MISS',
536 silly registry.get     'x-cache-hits': '0',
536 silly registry.get     'x-timer': 'S1404784980.145226,VS0,VE84',
536 silly registry.get     vary: 'Accept',
536 silly registry.get     'content-length': '0',
536 silly registry.get     'keep-alive': 'timeout=10, max=42',
536 silly registry.get     connection: 'Keep-Alive' } ]
537 verbose etag https://registry.npmjs.org/json-proxy from cache
538 verbose request where is /http-proxy
539 verbose request registry https://registry.npmjs.org/
540 verbose url raw /http-proxy
541 verbose url resolving [ 'https://registry.npmjs.org/', './http-proxy' ]
542 verbose url resolved https://registry.npmjs.org/http-proxy
543 verbose request where is https://registry.npmjs.org/http-proxy
544 info trying registry request attempt 1 at 19:03:00
545 verbose etag "F5AWYMPQV7E541SQEO5PSKYAW"
546 http GET https://registry.npmjs.org/http-proxy
547 verbose registry.get https://registry.npmjs.org/express not expired, no request
548 http 304 https://registry.npmjs.org/through
549 silly registry.get cb [ 304,
549 silly registry.get   { date: 'Tue, 08 Jul 2014 02:03:00 GMT',
549 silly registry.get     server: 'Apache',
549 silly registry.get     via: '1.1 varnish',
549 silly registry.get     'last-modified': 'Tue, 08 Jul 2014 02:03:00 GMT',
549 silly registry.get     'cache-control': 'max-age=30',
549 silly registry.get     etag: '"18YPPYHNV0MYSGVKP3C0J8I9B"',
549 silly registry.get     'x-served-by': 'cache-sjc3127-SJC',
549 silly registry.get     'x-cache': 'HIT',
549 silly registry.get     'x-cache-hits': '1',
549 silly registry.get     'x-timer': 'S1404784980.227993,VS0,VE0',
549 silly registry.get     vary: 'Accept',
549 silly registry.get     'content-length': '0',
549 silly registry.get     'keep-alive': 'timeout=10, max=40',
549 silly registry.get     connection: 'Keep-Alive' } ]
550 verbose etag https://registry.npmjs.org/through from cache
551 http 304 https://registry.npmjs.org/lodash
552 silly registry.get cb [ 304,
552 silly registry.get   { date: 'Tue, 08 Jul 2014 02:03:00 GMT',
552 silly registry.get     server: 'Apache',
552 silly registry.get     via: '1.1 varnish',
552 silly registry.get     'last-modified': 'Tue, 08 Jul 2014 01:59:55 GMT',
552 silly registry.get     'cache-control': 'max-age=30',
552 silly registry.get     etag: '"50OX5BTJLKSOA3BQ6URIRHXGF"',
552 silly registry.get     'x-served-by': 'cache-sjc3121-SJC',
552 silly registry.get     'x-cache': 'HIT',
552 silly registry.get     'x-cache-hits': '31',
552 silly registry.get     'x-timer': 'S1404784980.256321,VS0,VE0',
552 silly registry.get     vary: 'Accept',
552 silly registry.get     'content-length': '0',
552 silly registry.get     'keep-alive': 'timeout=10, max=38',
552 silly registry.get     connection: 'Keep-Alive' } ]
553 verbose etag https://registry.npmjs.org/lodash from cache
554 http 304 https://registry.npmjs.org/lodash
555 silly registry.get cb [ 304,
555 silly registry.get   { date: 'Tue, 08 Jul 2014 02:03:00 GMT',
555 silly registry.get     server: 'Apache',
555 silly registry.get     via: '1.1 varnish',
555 silly registry.get     'last-modified': 'Tue, 08 Jul 2014 02:03:00 GMT',
555 silly registry.get     'cache-control': 'max-age=30',
555 silly registry.get     etag: '"50OX5BTJLKSOA3BQ6URIRHXGF"',
555 silly registry.get     'x-served-by': 'cache-sjc3135-SJC',
555 silly registry.get     'x-cache': 'HIT',
555 silly registry.get     'x-cache-hits': '1',
555 silly registry.get     'x-timer': 'S1404784980.264060,VS0,VE0',
555 silly registry.get     vary: 'Accept',
555 silly registry.get     'content-length': '0',
555 silly registry.get     'keep-alive': 'timeout=10, max=41',
555 silly registry.get     connection: 'Keep-Alive' } ]
556 verbose etag https://registry.npmjs.org/lodash from cache
557 verbose request where is /colors
558 verbose request registry https://registry.npmjs.org/
559 verbose url raw /colors
560 verbose url resolving [ 'https://registry.npmjs.org/', './colors' ]
561 verbose url resolved https://registry.npmjs.org/colors
562 verbose request where is https://registry.npmjs.org/colors
563 info trying registry request attempt 1 at 19:03:00
564 verbose etag "8AJHEWCMEF2NU7QB8LY5JK4TS"
565 http GET https://registry.npmjs.org/colors
566 verbose request where is /util
567 verbose request registry https://registry.npmjs.org/
568 verbose url raw /util
569 verbose url resolving [ 'https://registry.npmjs.org/', './util' ]
570 verbose url resolved https://registry.npmjs.org/util
571 verbose request where is https://registry.npmjs.org/util
572 info trying registry request attempt 1 at 19:03:00
573 verbose etag "DJK1OA3HNZ6MMN7BHPE6MNM8R"
574 http GET https://registry.npmjs.org/util
575 verbose request where is /optimist
576 verbose request registry https://registry.npmjs.org/
577 verbose url raw /optimist
578 verbose url resolving [ 'https://registry.npmjs.org/', './optimist' ]
579 verbose url resolved https://registry.npmjs.org/optimist
580 verbose request where is https://registry.npmjs.org/optimist
581 info trying registry request attempt 1 at 19:03:00
582 verbose etag "3KVQ97E8OBB11GH7ZR33V2B3A"
583 http GET https://registry.npmjs.org/optimist
584 http 304 https://registry.npmjs.org/grunt-rev
585 silly registry.get cb [ 304,
585 silly registry.get   { date: 'Tue, 08 Jul 2014 02:03:00 GMT',
585 silly registry.get     server: 'Apache',
585 silly registry.get     via: '1.1 varnish',
585 silly registry.get     'last-modified': 'Tue, 08 Jul 2014 02:03:00 GMT',
585 silly registry.get     'cache-control': 'max-age=30',
585 silly registry.get     etag: '"5EP12JICVDEQCHYUDOJXNOI86"',
585 silly registry.get     'x-served-by': 'cache-sjc3131-SJC',
585 silly registry.get     'x-cache': 'HIT',
585 silly registry.get     'x-cache-hits': '1',
585 silly registry.get     'x-timer': 'S1404784980.027874,VS0,VE0',
585 silly registry.get     vary: 'Accept',
585 silly registry.get     'content-length': '0',
585 silly registry.get     'keep-alive': 'timeout=10, max=43',
585 silly registry.get     connection: 'Keep-Alive' } ]
586 verbose etag https://registry.npmjs.org/grunt-rev from cache
587 http 304 https://registry.npmjs.org/rimraf
588 silly registry.get cb [ 304,
588 silly registry.get   { date: 'Tue, 08 Jul 2014 02:03:00 GMT',
588 silly registry.get     server: 'Apache',
588 silly registry.get     via: '1.1 varnish',
588 silly registry.get     'last-modified': 'Tue, 08 Jul 2014 02:02:50 GMT',
588 silly registry.get     'cache-control': 'max-age=30',
588 silly registry.get     etag: '"ABOUENDSXKGH3EXB3RNP95LWY"',
588 silly registry.get     'x-served-by': 'cache-sjc3121-SJC',
588 silly registry.get     'x-cache': 'HIT',
588 silly registry.get     'x-cache-hits': '2',
588 silly registry.get     'x-timer': 'S1404784980.303066,VS0,VE0',
588 silly registry.get     vary: 'Accept',
588 silly registry.get     'content-length': '0',
588 silly registry.get     'keep-alive': 'timeout=10, max=37',
588 silly registry.get     connection: 'Keep-Alive' } ]
589 verbose etag https://registry.npmjs.org/rimraf from cache
590 http 304 https://registry.npmjs.org/dateformat
591 silly registry.get cb [ 304,
591 silly registry.get   { date: 'Tue, 08 Jul 2014 02:03:00 GMT',
591 silly registry.get     server: 'Apache',
591 silly registry.get     via: '1.1 varnish',
591 silly registry.get     'last-modified': 'Tue, 08 Jul 2014 02:03:00 GMT',
591 silly registry.get     'cache-control': 'max-age=30',
591 silly registry.get     etag: '"242QPOF518VD2HJEJY3TTK0EV"',
591 silly registry.get     'x-served-by': 'cache-sjc3121-SJC',
591 silly registry.get     'x-cache': 'HIT',
591 silly registry.get     'x-cache-hits': '1',
591 silly registry.get     'x-timer': 'S1404784980.335035,VS0,VE0',
591 silly registry.get     vary: 'Accept',
591 silly registry.get     'content-length': '0',
591 silly registry.get     'keep-alive': 'timeout=10, max=36',
591 silly registry.get     connection: 'Keep-Alive' } ]
592 verbose etag https://registry.npmjs.org/dateformat from cache
593 http 304 https://registry.npmjs.org/ibrik
594 silly registry.get cb [ 304,
594 silly registry.get   { date: 'Tue, 08 Jul 2014 02:03:00 GMT',
594 silly registry.get     server: 'Apache',
594 silly registry.get     via: '1.1 varnish',
594 silly registry.get     'last-modified': 'Tue, 08 Jul 2014 02:03:00 GMT',
594 silly registry.get     'cache-control': 'max-age=30',
594 silly registry.get     etag: '"7T0GUAJ29UNR6FLT8QRXGRWFR"',
594 silly registry.get     'x-served-by': 'cache-sjc3131-SJC',
594 silly registry.get     'x-cache': 'HIT',
594 silly registry.get     'x-cache-hits': '1',
594 silly registry.get     'x-timer': 'S1404784980.312937,VS0,VE29',
594 silly registry.get     vary: 'Accept',
594 silly registry.get     'content-length': '0',
594 silly registry.get     'keep-alive': 'timeout=10, max=42',
594 silly registry.get     connection: 'Keep-Alive' } ]
595 verbose etag https://registry.npmjs.org/ibrik from cache
596 verbose registry.get https://registry.npmjs.org/lodash not expired, no request
597 verbose request where is /istanbul
598 verbose request registry https://registry.npmjs.org/
599 verbose url raw /istanbul
600 verbose url resolving [ 'https://registry.npmjs.org/', './istanbul' ]
601 verbose url resolved https://registry.npmjs.org/istanbul
602 verbose request where is https://registry.npmjs.org/istanbul
603 info trying registry request attempt 1 at 19:03:00
604 verbose etag "DGAN2AT1WC99X461QH6PTNC4T"
605 http GET https://registry.npmjs.org/istanbul
606 verbose request where is /coffee-script-redux
607 verbose request registry https://registry.npmjs.org/
608 verbose url raw /coffee-script-redux
609 verbose url resolving [ 'https://registry.npmjs.org/', './coffee-script-redux' ]
610 verbose url resolved https://registry.npmjs.org/coffee-script-redux
611 verbose request where is https://registry.npmjs.org/coffee-script-redux
612 info trying registry request attempt 1 at 19:03:00
613 verbose etag "EUJ5Y4RJ6ZENOF8REV7NSOU9A"
614 http GET https://registry.npmjs.org/coffee-script-redux
615 verbose request where is /mkdirp
616 verbose request registry https://registry.npmjs.org/
617 verbose url raw /mkdirp
618 verbose url resolving [ 'https://registry.npmjs.org/', './mkdirp' ]
619 verbose url resolved https://registry.npmjs.org/mkdirp
620 verbose request where is https://registry.npmjs.org/mkdirp
621 info trying registry request attempt 1 at 19:03:00
622 verbose etag "6XW69NVJIFVOZ6TDZNH0IRNN9"
623 http GET https://registry.npmjs.org/mkdirp
624 verbose request where is /optimist
625 verbose request registry https://registry.npmjs.org/
626 verbose url raw /optimist
627 verbose url resolving [ 'https://registry.npmjs.org/', './optimist' ]
628 verbose url resolved https://registry.npmjs.org/optimist
629 verbose request where is https://registry.npmjs.org/optimist
630 info trying registry request attempt 1 at 19:03:00
631 verbose etag "3KVQ97E8OBB11GH7ZR33V2B3A"
632 http GET https://registry.npmjs.org/optimist
633 verbose request where is /estraverse
634 verbose request registry https://registry.npmjs.org/
635 verbose url raw /estraverse
636 verbose url resolving [ 'https://registry.npmjs.org/', './estraverse' ]
637 verbose url resolved https://registry.npmjs.org/estraverse
638 verbose request where is https://registry.npmjs.org/estraverse
639 info trying registry request attempt 1 at 19:03:00
640 verbose etag "BRNYMVN9K2PK15GCOX4C4OJFM"
641 http GET https://registry.npmjs.org/estraverse
642 verbose request where is /escodegen
643 verbose request registry https://registry.npmjs.org/
644 verbose url raw /escodegen
645 verbose url resolving [ 'https://registry.npmjs.org/', './escodegen' ]
646 verbose url resolved https://registry.npmjs.org/escodegen
647 verbose request where is https://registry.npmjs.org/escodegen
648 info trying registry request attempt 1 at 19:03:00
649 verbose etag "DGRFNWS8PTHD85H5H4TNNWCY7"
650 http GET https://registry.npmjs.org/escodegen
651 verbose request where is /which
652 verbose request registry https://registry.npmjs.org/
653 verbose url raw /which
654 verbose url resolving [ 'https://registry.npmjs.org/', './which' ]
655 verbose url resolved https://registry.npmjs.org/which
656 verbose request where is https://registry.npmjs.org/which
657 info trying registry request attempt 1 at 19:03:00
658 verbose etag "E4JEKC1OOIDK0CUCTQBI1CZ35"
659 http GET https://registry.npmjs.org/which
660 http 304 https://registry.npmjs.org/open
661 silly registry.get cb [ 304,
661 silly registry.get   { date: 'Tue, 08 Jul 2014 02:03:00 GMT',
661 silly registry.get     server: 'Apache',
661 silly registry.get     via: '1.1 varnish',
661 silly registry.get     'last-modified': 'Tue, 08 Jul 2014 02:03:00 GMT',
661 silly registry.get     'cache-control': 'max-age=30',
661 silly registry.get     etag: '"92J2QC9RIL0L6QRTT2NNZT99S"',
661 silly registry.get     'x-served-by': 'cache-sjc3135-SJC',
661 silly registry.get     'x-cache': 'HIT',
661 silly registry.get     'x-cache-hits': '1',
661 silly registry.get     'x-timer': 'S1404784980.308190,VS0,VE0',
661 silly registry.get     vary: 'Accept',
661 silly registry.get     'content-length': '0',
661 silly registry.get     'keep-alive': 'timeout=10, max=40',
661 silly registry.get     connection: 'Keep-Alive' } ]
662 verbose etag https://registry.npmjs.org/open from cache
663 http 200 https://registry.npmjs.org/minimatch
664 silly registry.get cb [ 200,
664 silly registry.get   { date: 'Tue, 08 Jul 2014 02:03:00 GMT',
664 silly registry.get     server: 'CouchDB/1.5.0 (Erlang OTP/R16B03)',
664 silly registry.get     etag: '"AL5I7TIHQVK950SP7HUXMZU49"',
664 silly registry.get     'content-type': 'application/json',
664 silly registry.get     'cache-control': 'max-age=30',
664 silly registry.get     'content-length': '30338',
664 silly registry.get     'accept-ranges': 'bytes',
664 silly registry.get     via: '1.1 varnish',
664 silly registry.get     age: '83',
664 silly registry.get     'x-served-by': 'cache-sjc3131-SJC',
664 silly registry.get     'x-cache': 'HIT',
664 silly registry.get     'x-cache-hits': '1',
664 silly registry.get     'x-timer': 'S1404784980.377207,VS0,VE35',
664 silly registry.get     vary: 'Accept',
664 silly registry.get     'keep-alive': 'timeout=10, max=41',
664 silly registry.get     connection: 'Keep-Alive' } ]
665 verbose request where is /sigmund
666 verbose request registry https://registry.npmjs.org/
667 verbose url raw /sigmund
668 verbose url resolving [ 'https://registry.npmjs.org/', './sigmund' ]
669 verbose url resolved https://registry.npmjs.org/sigmund
670 verbose request where is https://registry.npmjs.org/sigmund
671 info trying registry request attempt 1 at 19:03:00
672 verbose etag "83Z00BYZMZK19U869TTWSB9J1"
673 http GET https://registry.npmjs.org/sigmund
674 verbose request where is /lru-cache
675 verbose request registry https://registry.npmjs.org/
676 verbose url raw /lru-cache
677 verbose url resolving [ 'https://registry.npmjs.org/', './lru-cache' ]
678 verbose url resolved https://registry.npmjs.org/lru-cache
679 verbose request where is https://registry.npmjs.org/lru-cache
680 info trying registry request attempt 1 at 19:03:00
681 verbose etag "36Z7GAYTZ373IH9ZVTIP0ZFOI"
682 http GET https://registry.npmjs.org/lru-cache
683 http 200 https://registry.npmjs.org/http-proxy
684 silly registry.get cb [ 200,
684 silly registry.get   { date: 'Tue, 08 Jul 2014 02:03:00 GMT',
684 silly registry.get     server: 'CouchDB/1.5.0 (Erlang OTP/R14B04)',
684 silly registry.get     etag: '"7JW7NPVV771JXYUK32F78ANAB"',
684 silly registry.get     'content-type': 'application/json',
684 silly registry.get     'cache-control': 'max-age=30',
684 silly registry.get     'content-length': '68776',
684 silly registry.get     'accept-ranges': 'bytes',
684 silly registry.get     via: '1.1 varnish',
684 silly registry.get     age: '666',
684 silly registry.get     'x-served-by': 'cache-sjc3127-SJC',
684 silly registry.get     'x-cache': 'HIT',
684 silly registry.get     'x-cache-hits': '1',
684 silly registry.get     'x-timer': 'S1404784980.301140,VS0,VE0',
684 silly registry.get     vary: 'Accept',
684 silly registry.get     'keep-alive': 'timeout=10, max=39',
684 silly registry.get     connection: 'Keep-Alive' } ]
685 http 200 https://registry.npmjs.org/colors
686 silly registry.get cb [ 200,
686 silly registry.get   { date: 'Tue, 08 Jul 2014 02:03:00 GMT',
686 silly registry.get     server: 'CouchDB/1.5.0 (Erlang OTP/R16B03)',
686 silly registry.get     etag: '"9TNIM7PR6G8558G539KVT7VUD"',
686 silly registry.get     'content-type': 'application/json',
686 silly registry.get     'cache-control': 'max-age=30',
686 silly registry.get     'content-length': '8426',
686 silly registry.get     'accept-ranges': 'bytes',
686 silly registry.get     via: '1.1 varnish',
686 silly registry.get     age: '462',
686 silly registry.get     'x-served-by': 'cache-sjc3131-SJC',
686 silly registry.get     'x-cache': 'HIT',
686 silly registry.get     'x-cache-hits': '1',
686 silly registry.get     'x-timer': 'S1404784980.636052,VS0,VE0',
686 silly registry.get     vary: 'Accept',
686 silly registry.get     'keep-alive': 'timeout=10, max=40',
686 silly registry.get     connection: 'Keep-Alive' } ]
687 verbose cache add [ 'colors', '>~0.6.0' ]
688 verbose cache add name="colors" spec=">~0.6.0" args=["colors",">~0.6.0"]
689 verbose parsed url { protocol: null,
689 verbose parsed url   slashes: null,
689 verbose parsed url   auth: null,
689 verbose parsed url   host: null,
689 verbose parsed url   port: null,
689 verbose parsed url   hostname: null,
689 verbose parsed url   hash: null,
689 verbose parsed url   search: null,
689 verbose parsed url   query: null,
689 verbose parsed url   pathname: '%3E~0.6.0',
689 verbose parsed url   path: '%3E~0.6.0',
689 verbose parsed url   href: '%3E~0.6.0' }
690 verbose addNamed [ 'colors', '>~0.6.0' ]
691 verbose addNamed [ null, null ]
692 silly lockFile 30126aa2-colors-0-6-0 colors@>~0.6.0
693 verbose lock colors@>~0.6.0 /Users/jonniespratley/.npm/30126aa2-colors-0-6-0.lock
694 info addNameTag [ 'colors', '>~0.6.0' ]
695 verbose registry.get https://registry.npmjs.org/colors not expired, no request
696 silly lockFile 30126aa2-colors-0-6-0 colors@>~0.6.0
697 silly lockFile 30126aa2-colors-0-6-0 colors@>~0.6.0
698 info outdated updating [ [ '/WWW/Learning_Yeoman/learning-yeoman-ch4',
698 info outdated     'grunt-bower-requirejs',
698 info outdated     '0.7.1',
698 info outdated     '0.7.1',
698 info outdated     '0.11.0',
698 info outdated     '~0.7.0' ],
698 info outdated   [ '/WWW/Learning_Yeoman/learning-yeoman-ch4',
698 info outdated     'grunt-template-jasmine-requirejs',
698 info outdated     '0.1.9',
698 info outdated     '0.1.10',
698 info outdated     '0.2.0',
698 info outdated     '~0.1.9' ],
698 info outdated   [ '/WWW/Learning_Yeoman/learning-yeoman-ch4',
698 info outdated     'grunt-contrib-handlebars',
698 info outdated     '0.5.12',
698 info outdated     '0.5.12',
698 info outdated     '0.8.0',
698 info outdated     '~0.5.8' ],
698 info outdated   [ '/WWW/Learning_Yeoman/learning-yeoman-ch4',
698 info outdated     'karma-coffee-preprocessor',
698 info outdated     '0.1.3',
698 info outdated     '0.1.3',
698 info outdated     '0.2.1',
698 info outdated     '~0.1.3' ],
698 info outdated   [ '/WWW/Learning_Yeoman/learning-yeoman-ch4',
698 info outdated     'express',
698 info outdated     undefined,
698 info outdated     '3.13.0',
698 info outdated     '4.5.1',
698 info outdated     '^3.5.1' ],
698 info outdated   [ '/WWW/Learning_Yeoman/learning-yeoman-ch4',
698 info outdated     'requirejs',
698 info outdated     '2.1.11',
698 info outdated     '2.1.14',
698 info outdated     '2.1.14',
698 info outdated     '~2.1.11' ],
698 info outdated   [ '/WWW/Learning_Yeoman/learning-yeoman-ch4',
698 info outdated     'connect-livereload',
698 info outdated     '0.2.0',
698 info outdated     '0.2.0',
698 info outdated     '0.4.0',
698 info outdated     '~0.2.0' ],
698 info outdated   [ '/WWW/Learning_Yeoman/learning-yeoman-ch4',
698 info outdated     'karma-requirejs',
698 info outdated     '0.2.1',
698 info outdated     '0.2.2',
698 info outdated     '0.2.2',
698 info outdated     '~0.2.1' ],
698 info outdated   [ '/WWW/Learning_Yeoman/learning-yeoman-ch4',
698 info outdated     'grunt-contrib-coffee',
698 info outdated     '0.7.0',
698 info outdated     '0.7.0',
698 info outdated     '0.10.1',
698 info outdated     '~0.7.0' ],
698 info outdated   [ '/WWW/Learning_Yeoman/learning-yeoman-ch4',
698 info outdated     'grunt',
698 info outdated     '0.4.2',
698 info outdated     '0.4.5',
698 info outdated     '0.4.5',
698 info outdated     '~0.4.1' ],
698 info outdated   [ '/WWW/Learning_Yeoman/learning-yeoman-ch4',
698 info outdated     'grunt-contrib-cssmin',
698 info outdated     '0.6.2',
698 info outdated     '0.6.2',
698 info outdated     '0.10.0',
698 info outdated     '~0.6.0' ],
698 info outdated   [ '/WWW/Learning_Yeoman/learning-yeoman-ch4',
698 info outdated     'grunt-contrib-htmlmin',
698 info outdated     '0.1.3',
698 info outdated     '0.1.3',
698 info outdated     '0.3.0',
698 info outdated     '~0.1.3' ],
698 info outdated   [ '/WWW/Learning_Yeoman/learning-yeoman-ch4',
698 info outdated     'grunt-contrib-connect',
698 info outdated     '0.3.0',
698 info outdated     '0.3.0',
698 info outdated     '0.8.0',
698 info outdated     '~0.3.0' ],
698 info outdated   [ '/WWW/Learning_Yeoman/learning-yeoman-ch4',
698 info outdated     'grunt-contrib-concat',
698 info outdated     '0.3.0',
698 info outdated     '0.3.0',
698 info outdated     '0.4.0',
698 info outdated     '~0.3.0' ],
698 info outdated   [ '/WWW/Learning_Yeoman/learning-yeoman-ch4',
698 info outdated     'grunt-contrib-copy',
698 info outdated     '0.4.1',
698 info outdated     '0.4.1',
698 info outdated     '0.5.0',
698 info outdated     '~0.4.0' ],
698 info outdated   [ '/WWW/Learning_Yeoman/learning-yeoman-ch4',
698 info outdated     'grunt-contrib-jasmine',
698 info outdated     '0.5.3',
698 info outdated     '0.5.3',
698 info outdated     '0.6.5',
698 info outdated     '~0.5.2' ],
698 info outdated   [ '/WWW/Learning_Yeoman/learning-yeoman-ch4',
698 info outdated     'grunt-karma',
698 info outdated     '0.6.2',
698 info outdated     '0.6.2',
698 info outdated     '0.8.3',
698 info outdated     '~0.6.2' ],
698 info outdated   [ '/WWW/Learning_Yeoman/learning-yeoman-ch4',
698 info outdated     'grunt-usemin',
698 info outdated     '0.1.13',
698 info outdated     '0.1.13',
698 info outdated     '2.3.0',
698 info outdated     '~0.1.10' ],
698 info outdated   [ '/WWW/Learning_Yeoman/learning-yeoman-ch4',
698 info outdated     'grunt-contrib-uglify',
698 info outdated     '0.2.7',
698 info outdated     '0.2.7',
698 info outdated     '0.5.0',
698 info outdated     '~0.2.0' ],
698 info outdated   [ '/WWW/Learning_Yeoman/learning-yeoman-ch4',
698 info outdated     'grunt-contrib-watch',
698 info outdated     '0.5.3',
698 info outdated     '0.5.3',
698 info outdated     '0.6.1',
698 info outdated     '~0.5.2' ],
698 info outdated   [ '/WWW/Learning_Yeoman/learning-yeoman-ch4',
698 info outdated     'karma',
698 info outdated     '0.10.9',
698 info outdated     '0.10.10',
698 info outdated     '0.12.16',
698 info outdated     '~0.10.9' ],
698 info outdated   [ '/WWW/Learning_Yeoman/learning-yeoman-ch4',
698 info outdated     'jshint-stylish',
698 info outdated     '0.1.5',
698 info outdated     '0.1.5',
698 info outdated     '0.2.0',
698 info outdated     '~0.1.3' ],
698 info outdated   [ '/WWW/Learning_Yeoman/learning-yeoman-ch4',
698 info outdated     'karma-chrome-launcher',
698 info outdated     '0.1.2',
698 info outdated     '0.1.4',
698 info outdated     '0.1.4',
698 info outdated     '~0.1.2' ],
698 info outdated   [ '/WWW/Learning_Yeoman/learning-yeoman-ch4',
698 info outdated     'karma-phantomjs-launcher',
698 info outdated     '0.1.2',
698 info outdated     '0.1.4',
698 info outdated     '0.1.4',
698 info outdated     '~0.1.2' ],
698 info outdated   [ '/WWW/Learning_Yeoman/learning-yeoman-ch4',
698 info outdated     'grunt-contrib-jshint',
698 info outdated     '0.6.5',
698 info outdated     '0.6.5',
698 info outdated     '0.10.0',
698 info outdated     '~0.6.3' ],
698 info outdated   [ '/WWW/Learning_Yeoman/learning-yeoman-ch4',
698 info outdated     'load-grunt-tasks',
698 info outdated     '0.1.3',
698 info outdated     '0.1.3',
698 info outdated     '0.6.0',
698 info outdated     '~0.1.0' ],
698 info outdated   [ '/WWW/Learning_Yeoman/learning-yeoman-ch4',
698 info outdated     'time-grunt',
698 info outdated     '0.2.9',
698 info outdated     '0.2.10',
698 info outdated     '0.3.2',
698 info outdated     '~0.2.1' ],
698 info outdated   [ '/WWW/Learning_Yeoman/learning-yeoman-ch4/node_modules/logfmt',
698 info outdated     'split',
698 info outdated     '0.2.10',
698 info outdated     '0.2.10',
698 info outdated     '0.3.0',
698 info outdated     '0.2.x' ],
698 info outdated   [ '/WWW/Learning_Yeoman/learning-yeoman-ch4/node_modules/grunt-contrib-clean',
698 info outdated     'rimraf',
698 info outdated     '2.2.6',
698 info outdated     '2.2.8',
698 info outdated     '2.2.8',
698 info outdated     '~2.2.1' ],
698 info outdated   [ '/WWW/Learning_Yeoman/learning-yeoman-ch4/node_modules/grunt-open',
698 info outdated     'open',
698 info outdated     '0.0.4',
698 info outdated     '0.0.5',
698 info outdated     '0.0.5',
698 info outdated     '~0.0.4' ],
698 info outdated   [ '/WWW/Learning_Yeoman/learning-yeoman-ch4/node_modules/grunt-connect-proxy',
698 info outdated     'lodash',
698 info outdated     '0.9.2',
698 info outdated     '0.9.2',
698 info outdated     '2.4.1',
698 info outdated     '~0.9.0' ],
698 info outdated   [ '/WWW/Learning_Yeoman/learning-yeoman-ch4/node_modules/grunt-connect-proxy',
698 info outdated     'http-proxy',
698 info outdated     '0.10.4',
698 info outdated     '0.10.4',
698 info outdated     '1.1.4',
698 info outdated     '~0.10.3' ],
698 info outdated   [ '/WWW/Learning_Yeoman/learning-yeoman-ch4/node_modules/json-proxy',
698 info outdated     'express',
698 info outdated     '3.3.8',
698 info outdated     '3.3.8',
698 info outdated     '4.5.1',
698 info outdated     '~3.3.4' ] ]
699 error notarget No compatible version found: colors@'>~0.6.0'
699 error notarget Valid install targets:
699 error notarget ["0.3.0","0.5.0","0.5.1","0.6.0","0.6.0-1","0.6.1","0.6.2"]
699 error notarget
699 error notarget This is most likely not a problem with npm itself.
699 error notarget In most cases you or one of your dependencies are requesting
699 error notarget a package version that doesn't exist.
700 error System Darwin 13.2.0
701 error command "node" "/usr/local/bin/npm" "update"
702 error cwd /WWW/Learning_Yeoman/learning-yeoman-ch4
703 error node -v v0.10.24
704 error npm -v 1.4.16
705 error code ETARGET
706 verbose exit [ 1, true ]
